<?xml version="1.0" encoding="UTF-8"?>
<!-- Generated by org.testng.reporters.JUnitReportReporter -->
<testsuite hostname="ROSHAN" failures="0" tests="1" name="tests.Test1" time="0.122" errors="0" timestamp="2024-06-14T18:05:00 IST" skipped="0">
  <testcase classname="tests.Test1" name="transferDatatoDB" time="0.122"/>
  <system-out/>
</testsuite> <!-- tests.Test1 -->
