<?xml version="1.0" encoding="UTF-8"?>
<!-- Generated by org.testng.reporters.JUnitReportReporter -->
<testsuite hostname="ROSHAN" failures="0" tests="1" name="tests.Test2" time="0.086" errors="0" timestamp="2024-06-14T18:00:05 IST" skipped="0">
  <testcase classname="tests.Test2" name="transferDatatoDB" time="0.086"/>
  <system-out/>
</testsuite> <!-- tests.Test2 -->
